{"level":"info","message":"Information Message"}
{"level":"error","message":"Error Message"}
{"level":"warn","message":"Warning Message"}
{"level":"debug","message":"Debug Message"}
{"level":"info","message":"Server Listening on Port 8888"}
{"level":"error","message":"Error 404 sent for file /item"}
{"level":"info","message":"Information Message"}
{"level":"error","message":"Error Message"}
{"level":"warn","message":"Warning Message"}
{"level":"debug","message":"Debug Message"}
{"level":"info","message":"Server Listening on Port 8888"}
{"level":"info","message":"Information Message"}
{"level":"error","message":"Error Message"}
{"level":"warn","message":"Warning Message"}
{"level":"debug","message":"Debug Message"}
{"level":"info","message":"Server Listening on Port 8888"}
{"level":"info","message":"Information Message","timestamp":"2025-10-21T18:39:49.957Z"}
{"level":"error","message":"Error Message","timestamp":"2025-10-21T18:39:49.958Z"}
{"level":"warn","message":"Warning Message","timestamp":"2025-10-21T18:39:49.958Z"}
{"level":"debug","message":"Debug Message","timestamp":"2025-10-21T18:39:49.959Z"}
{"level":"info","message":"Server Listening on Port 8888","timestamp":"2025-10-21T18:39:49.961Z"}
{"level":"info","message":"Information Message","timestamp":"2025-10-21 11:41:09.693 AM"}
{"level":"error","message":"Error Message","timestamp":"2025-10-21 11:41:09.694 AM"}
{"level":"warn","message":"Warning Message","timestamp":"2025-10-21 11:41:09.694 AM"}
{"level":"debug","message":"Debug Message","timestamp":"2025-10-21 11:41:09.694 AM"}
{"level":"info","message":"Server Listening on Port 8888","timestamp":"2025-10-21 11:41:09.697 AM"}
2025-10-21 11:42:27.581 AM
2025-10-21 11:42:27.582 AM
2025-10-21 11:42:27.582 AM
2025-10-21 11:42:27.582 AM
2025-10-21 11:42:27.585 AM
2025-10-21 11:42:48.832 AM info: 	Information Message
2025-10-21 11:42:48.833 AM error: 	Error Message
2025-10-21 11:42:48.833 AM warn: 	Warning Message
2025-10-21 11:42:48.833 AM debug: 	Debug Message
2025-10-21 11:42:48.836 AM info: 	Server Listening on Port 8888
[2025-10-21 11:42:53.403 AM] info: 	Information Message
[2025-10-21 11:42:53.404 AM] error: 	Error Message
[2025-10-21 11:42:53.405 AM] warn: 	Warning Message
[2025-10-21 11:42:53.405 AM] debug: 	Debug Message
[2025-10-21 11:42:53.408 AM] info: 	Server Listening on Port 8888
